  player_rotation.cpp
  c:\program files (x86)\microsoft directx sdk (june 2010)\include\dinput.h: DIRECTINPUT_VERSION undefined. Defaulting to version 0x0800
c:\users\student\desktop\fez_0709\fez_07_09\player_hook.h(53): warning C4091: 'typedef ': 変数が何も宣言されていないときは、'CPlayerHook::SPIKE' の左辺を無視します。
  player_hook.cpp
  c:\program files (x86)\microsoft directx sdk (june 2010)\include\dinput.h: DIRECTINPUT_VERSION undefined. Defaulting to version 0x0800
c:\users\student\desktop\fez_0709\fez_07_09\player_hook.h(53): warning C4091: 'typedef ': 変数が何も宣言されていないときは、'CPlayerHook::SPIKE' の左辺を無視します。
c:\users\student\desktop\fez_0709\fez_07_09\player_hook.cpp(303): warning C4244: '引数': 'double' から 'FLOAT' への変換です。データが失われる可能性があります。
c:\users\student\desktop\fez_0709\fez_07_09\player_hook.cpp(307): warning C4244: '引数': 'double' から 'FLOAT' への変換です。データが失われる可能性があります。
  コードを生成中...
  コンパイル中...
  wire.cpp
  c:\program files (x86)\microsoft directx sdk (june 2010)\include\dinput.h: DIRECTINPUT_VERSION undefined. Defaulting to version 0x0800
c:\users\student\desktop\fez_0709\fez_07_09\player_hook.h(53): warning C4091: 'typedef ': 変数が何も宣言されていないときは、'CPlayerHook::SPIKE' の左辺を無視します。
  renderer.cpp
  c:\program files (x86)\microsoft directx sdk (june 2010)\include\dinput.h: DIRECTINPUT_VERSION undefined. Defaulting to version 0x0800
c:\users\student\desktop\fez_0709\fez_07_09\renderer.cpp(235): warning C4101: 'str': ローカル変数は 1 度も使われていません。
  player.cpp
  c:\program files (x86)\microsoft directx sdk (june 2010)\include\dinput.h: DIRECTINPUT_VERSION undefined. Defaulting to version 0x0800
  mode_game.cpp
  c:\program files (x86)\microsoft directx sdk (june 2010)\include\dinput.h: DIRECTINPUT_VERSION undefined. Defaulting to version 0x0800
c:\users\student\desktop\fez_0709\fez_07_09\player_hook.h(53): warning C4091: 'typedef ': 変数が何も宣言されていないときは、'CPlayerHook::SPIKE' の左辺を無視します。
  manager.cpp
  c:\program files (x86)\microsoft directx sdk (june 2010)\include\dinput.h: DIRECTINPUT_VERSION undefined. Defaulting to version 0x0800
c:\users\student\desktop\fez_0709\fez_07_09\player_hook.h(53): warning C4091: 'typedef ': 変数が何も宣言されていないときは、'CPlayerHook::SPIKE' の左辺を無視します。
  camera.cpp
  c:\program files (x86)\microsoft directx sdk (june 2010)\include\dinput.h: DIRECTINPUT_VERSION undefined. Defaulting to version 0x0800
c:\users\student\desktop\fez_0709\fez_07_09\player_hook.h(53): warning C4091: 'typedef ': 変数が何も宣言されていないときは、'CPlayerHook::SPIKE' の左辺を無視します。
  コードを生成中...
  FEZ_07_09.vcxproj -> C:\Users\student\Desktop\FEZ_0709\Debug\FEZ_07_09.exe
  FEZ_07_09.vcxproj -> C:\Users\student\Desktop\FEZ_0709\Debug\FEZ_07_09.pdb (Full PDB)
